<?xml version="1.0" encoding="UTF-8" ?>
<testsuite tests="50" failures="0" name="pixelitor.CompositionTest" time="0.383" errors="0" skipped="0">
  <properties>
    <property name="java.runtime.name" value="Java(TM) SE Runtime Environment"/>
    <property name="sun.boot.library.path" value="/Library/Java/JavaVirtualMachines/jdk1.8.0_65.jdk/Contents/Home/jre/lib"/>
    <property name="java.vm.version" value="25.65-b01"/>
    <property name="gopherProxySet" value="false"/>
    <property name="java.vm.vendor" value="Oracle Corporation"/>
    <property name="java.vendor.url" value="http://java.oracle.com/"/>
    <property name="path.separator" value=":"/>
    <property name="guice.disable.misplaced.annotation.check" value="true"/>
    <property name="java.vm.name" value="Java HotSpot(TM) 64-Bit Server VM"/>
    <property name="file.encoding.pkg" value="sun.io"/>
    <property name="user.country" value="US"/>
    <property name="sun.java.launcher" value="SUN_STANDARD"/>
    <property name="sun.os.patch.level" value="unknown"/>
    <property name="java.vm.specification.name" value="Java Virtual Machine Specification"/>
    <property name="user.dir" value="/Users/teddyted/NetBeansProjects/pixelitor_3.1.3_src"/>
    <property name="java.runtime.version" value="1.8.0_65-b17"/>
    <property name="java.awt.graphicsenv" value="sun.awt.CGraphicsEnvironment"/>
    <property name="java.endorsed.dirs" value="/Library/Java/JavaVirtualMachines/jdk1.8.0_65.jdk/Contents/Home/jre/lib/endorsed"/>
    <property name="os.arch" value="x86_64"/>
    <property name="java.io.tmpdir" value="/var/folders/p_/m256c6fj7lz6yh3k3rgz3bym0000gn/T/"/>
    <property name="line.separator" value="
"/>
    <property name="java.vm.specification.vendor" value="Oracle Corporation"/>
    <property name="os.name" value="Mac OS X"/>
    <property name="maven.ext.class.path" value="/Applications/NetBeans/NetBeans 8.1.app/Contents/Resources/NetBeans/java/maven-nblib/netbeans-eventspy.jar"/>
    <property name="classworlds.conf" value="/Applications/NetBeans/NetBeans 8.1.app/Contents/Resources/NetBeans/java/maven/bin/m2.conf"/>
    <property name="sun.jnu.encoding" value="UTF-8"/>
    <property name="java.library.path" value="/Applications/NetBeans/NetBeans 8.1.app/Contents/Resources/NetBeans/webcommon/bin::/Users/teddyted/Library/Java/Extensions:/Library/Java/Extensions:/Network/Library/Java/Extensions:/System/Library/Java/Extensions:/usr/lib/java:."/>
    <property name="java.specification.name" value="Java Platform API Specification"/>
    <property name="java.class.version" value="52.0"/>
    <property name="sun.management.compiler" value="HotSpot 64-Bit Tiered Compilers"/>
    <property name="os.version" value="10.10.5"/>
    <property name="http.nonProxyHosts" value="local|*.local|169.254/16|*.169.254/16"/>
    <property name="user.home" value="/Users/teddyted"/>
    <property name="user.timezone" value="America/New_York"/>
    <property name="java.awt.printerjob" value="sun.lwawt.macosx.CPrinterJob"/>
    <property name="java.specification.version" value="1.8"/>
    <property name="file.encoding" value="UTF-8"/>
    <property name="user.name" value="teddyted"/>
    <property name="java.class.path" value="/Applications/NetBeans/NetBeans 8.1.app/Contents/Resources/NetBeans/java/maven/boot/plexus-classworlds-2.4.jar"/>
    <property name="java.vm.specification.version" value="1.8"/>
    <property name="sun.arch.data.model" value="64"/>
    <property name="java.home" value="/Library/Java/JavaVirtualMachines/jdk1.8.0_65.jdk/Contents/Home/jre"/>
    <property name="sun.java.command" value="org.codehaus.plexus.classworlds.launcher.Launcher -Dmaven.ext.class.path=/Applications/NetBeans/NetBeans 8.1.app/Contents/Resources/NetBeans/java/maven-nblib/netbeans-eventspy.jar clean install"/>
    <property name="java.specification.vendor" value="Oracle Corporation"/>
    <property name="user.language" value="en"/>
    <property name="awt.toolkit" value="sun.lwawt.macosx.LWCToolkit"/>
    <property name="java.vm.info" value="mixed mode"/>
    <property name="java.version" value="1.8.0_65"/>
    <property name="java.ext.dirs" value="/Users/teddyted/Library/Java/Extensions:/Library/Java/JavaVirtualMachines/jdk1.8.0_65.jdk/Contents/Home/jre/lib/ext:/Library/Java/Extensions:/Network/Library/Java/Extensions:/System/Library/Java/Extensions:/usr/lib/java"/>
    <property name="sun.boot.class.path" value="/Library/Java/JavaVirtualMachines/jdk1.8.0_65.jdk/Contents/Home/jre/lib/resources.jar:/Library/Java/JavaVirtualMachines/jdk1.8.0_65.jdk/Contents/Home/jre/lib/rt.jar:/Library/Java/JavaVirtualMachines/jdk1.8.0_65.jdk/Contents/Home/jre/lib/sunrsasign.jar:/Library/Java/JavaVirtualMachines/jdk1.8.0_65.jdk/Contents/Home/jre/lib/jsse.jar:/Library/Java/JavaVirtualMachines/jdk1.8.0_65.jdk/Contents/Home/jre/lib/jce.jar:/Library/Java/JavaVirtualMachines/jdk1.8.0_65.jdk/Contents/Home/jre/lib/charsets.jar:/Library/Java/JavaVirtualMachines/jdk1.8.0_65.jdk/Contents/Home/jre/lib/jfr.jar:/Library/Java/JavaVirtualMachines/jdk1.8.0_65.jdk/Contents/Home/jre/classes"/>
    <property name="java.vendor" value="Oracle Corporation"/>
    <property name="maven.home" value="/Applications/NetBeans/NetBeans 8.1.app/Contents/Resources/NetBeans/java/maven"/>
    <property name="file.separator" value="/"/>
    <property name="java.vendor.url.bug" value="http://bugreport.sun.com/bugreport/"/>
    <property name="sun.cpu.endian" value="little"/>
    <property name="sun.io.unicode.encoding" value="UnicodeBig"/>
    <property name="socksNonProxyHosts" value="local|*.local|169.254/16|*.169.254/16"/>
    <property name="ftp.nonProxyHosts" value="local|*.local|169.254/16|*.169.254/16"/>
    <property name="sun.cpu.isalist" value=""/>
  </properties>
  <testcase classname="pixelitor.CompositionTest" name="testSwapLayers" time="0.088"/>
  <testcase classname="pixelitor.CompositionTest" name="testMergeDown" time="0.005"/>
  <testcase classname="pixelitor.CompositionTest" name="testImageChanged" time="0.003"/>
  <testcase classname="pixelitor.CompositionTest" name="testFlattenImage" time="0.004"/>
  <testcase classname="pixelitor.CompositionTest" name="testMoveActiveContentRelative" time="0.002"/>
  <testcase classname="pixelitor.CompositionTest" name="testHasSelection" time="0.112"/>
  <testcase classname="pixelitor.CompositionTest" name="testMoveLayerSelectionUp" time="0.022"/>
  <testcase classname="pixelitor.CompositionTest" name="testGetLayer" time="0.003"/>
  <testcase classname="pixelitor.CompositionTest" name="testDragFinished" time="0.002"/>
  <testcase classname="pixelitor.CompositionTest" name="testGetCanvasBounds" time="0.003"/>
  <testcase classname="pixelitor.CompositionTest" name="testMoveLayerSelectionDown" time="0.002"/>
  <testcase classname="pixelitor.CompositionTest" name="testLayerToCanvasSize" time="0.002"/>
  <testcase classname="pixelitor.CompositionTest" name="testGetCanvasHeight" time="0.001"/>
  <testcase classname="pixelitor.CompositionTest" name="testDuplicateLayer" time="0.002"/>
  <testcase classname="pixelitor.CompositionTest" name="testAddNewEmptyLayer" time="0.003"/>
  <testcase classname="pixelitor.CompositionTest" name="testRemoveActiveLayer" time="0.002"/>
  <testcase classname="pixelitor.CompositionTest" name="testSetImageComponent" time="0.002"/>
  <testcase classname="pixelitor.CompositionTest" name="testSetSelectionClipping" time="0.001"/>
  <testcase classname="pixelitor.CompositionTest" name="testAddNewLayerFromComposite" time="0.003"/>
  <testcase classname="pixelitor.CompositionTest" name="testRemoveLayer" time="0.002"/>
  <testcase classname="pixelitor.CompositionTest" name="testPaintSelection" time="0.002"/>
  <testcase classname="pixelitor.CompositionTest" name="testMoveActiveLayerToTop" time="0.004"/>
  <testcase classname="pixelitor.CompositionTest" name="testGetFilterSource" time="0.002"/>
  <testcase classname="pixelitor.CompositionTest" name="testGetSelection" time="0.002"/>
  <testcase classname="pixelitor.CompositionTest" name="testIsActiveLayer" time="0.002"/>
  <testcase classname="pixelitor.CompositionTest" name="testAddLayer" time="0.002"/>
  <testcase classname="pixelitor.CompositionTest" name="testSetActiveLayer" time="0.001"/>
  <testcase classname="pixelitor.CompositionTest" name="testInvertSelection" time="0.004"/>
  <testcase classname="pixelitor.CompositionTest" name="testGenerateNewLayerName" time="0.003"/>
  <testcase classname="pixelitor.CompositionTest" name="testMoveActiveLayerToBottom" time="0.003"/>
  <testcase classname="pixelitor.CompositionTest" name="testUpdateRegion" time="0.003"/>
  <testcase classname="pixelitor.CompositionTest" name="testStartTranslation" time="0.004"/>
  <testcase classname="pixelitor.CompositionTest" name="testGetActiveImageLayer" time="0.003"/>
  <testcase classname="pixelitor.CompositionTest" name="testFilterWithoutDialogFinished" time="0.014"/>
  <testcase classname="pixelitor.CompositionTest" name="testGetCanvasWidth" time="0.001"/>
  <testcase classname="pixelitor.CompositionTest" name="testGetImageOrSubImageIfSelectedForActiveLayer" time="0.001"/>
  <testcase classname="pixelitor.CompositionTest" name="testCreateSelectionFromShape" time="0.004"/>
  <testcase classname="pixelitor.CompositionTest" name="testSetCanvas" time="0.001"/>
  <testcase classname="pixelitor.CompositionTest" name="testStartSelection" time="0.001"/>
  <testcase classname="pixelitor.CompositionTest" name="testGetCanvas" time="0.002"/>
  <testcase classname="pixelitor.CompositionTest" name="testMoveActiveLayer" time="0.003"/>
  <testcase classname="pixelitor.CompositionTest" name="testEndTranslation" time="0.003"/>
  <testcase classname="pixelitor.CompositionTest" name="testDispose" time="0.002"/>
  <testcase classname="pixelitor.CompositionTest" name="testGetCompositeImage" time="0.002"/>
  <testcase classname="pixelitor.CompositionTest" name="testEnlargeCanvas" time="0.02"/>
  <testcase classname="pixelitor.CompositionTest" name="testIsDirty" time="0.003"/>
  <testcase classname="pixelitor.CompositionTest" name="testIsEmpty" time="0.002"/>
  <testcase classname="pixelitor.CompositionTest" name="testDeselect" time="0.002"/>
  <testcase classname="pixelitor.CompositionTest" name="testAddLayerNoGUI" time="0.003"/>
  <testcase classname="pixelitor.CompositionTest" name="testSetDirty" time="0.002"/>
</testsuite>